  main.cpp
D:\Progetti\BumpArcade\Yolo_mark\main.cpp(144,74): warning C4267: 'argument': conversion from 'size_t' to 'int', possible loss of data
D:\Progetti\BumpArcade\Yolo_mark\main.cpp(145,76): warning C4267: 'argument': conversion from 'size_t' to 'int', possible loss of data
D:\Progetti\BumpArcade\Yolo_mark\main.cpp(151,42): warning C4267: 'argument': conversion from 'size_t' to 'int', possible loss of data
D:\Progetti\BumpArcade\Yolo_mark\main.cpp(151,89): warning C4267: 'argument': conversion from 'size_t' to 'int', possible loss of data
D:\Progetti\BumpArcade\Yolo_mark\main.cpp(295,36): warning C4244: 'initializing': conversion from 'double' to 'int', possible loss of data
D:\Progetti\BumpArcade\Yolo_mark\main.cpp(295,27): warning C4244: 'initializing': conversion from 'double' to 'const int', possible loss of data
D:\Progetti\BumpArcade\Yolo_mark\main.cpp(303,48): warning C4244: '=': conversion from 'unsigned long' to 'float', possible loss of data
D:\Progetti\BumpArcade\Yolo_mark\main.cpp(306,82): warning C4267: '=': conversion from 'size_t' to 'int', possible loss of data
D:\Progetti\BumpArcade\Yolo_mark\main.cpp(354,66): warning C4267: '=': conversion from 'size_t' to 'int', possible loss of data
D:\Progetti\BumpArcade\Yolo_mark\main.cpp(497,48): warning C4267: 'initializing': conversion from 'size_t' to 'int', possible loss of data
D:\Progetti\BumpArcade\Yolo_mark\main.cpp(497,27): warning C4267: 'initializing': conversion from 'size_t' to 'const int', possible loss of data
D:\Progetti\BumpArcade\Yolo_mark\main.cpp(570,41): warning C4267: 'initializing': conversion from 'size_t' to 'int', possible loss of data
D:\Progetti\BumpArcade\Yolo_mark\main.cpp(570,24): warning C4267: 'initializing': conversion from 'size_t' to 'const int', possible loss of data
D:\Progetti\BumpArcade\Yolo_mark\main.cpp(645,40): warning C4267: 'initializing': conversion from 'size_t' to 'int', possible loss of data
D:\Progetti\BumpArcade\Yolo_mark\main.cpp(645,23): warning C4267: 'initializing': conversion from 'size_t' to 'const int', possible loss of data
D:\Progetti\BumpArcade\Yolo_mark\main.cpp(706,40): warning C4244: 'initializing': conversion from 'float' to 'int', possible loss of data
D:\Progetti\BumpArcade\Yolo_mark\main.cpp(706,21): warning C4244: 'initializing': conversion from 'float' to 'const int', possible loss of data
D:\Progetti\BumpArcade\Yolo_mark\main.cpp(707,40): warning C4244: 'initializing': conversion from 'float' to 'int', possible loss of data
D:\Progetti\BumpArcade\Yolo_mark\main.cpp(707,21): warning C4244: 'initializing': conversion from 'float' to 'const int', possible loss of data
D:\Progetti\BumpArcade\Yolo_mark\main.cpp(814,39): warning C4267: '=': conversion from 'size_t' to 'int', possible loss of data
  Generating code
  Previous IPDB not found, fall back to full compilation.
  All 807 functions were compiled because no usable IPDB/IOBJ from previous compilation was found.
  Finished generating code
  yolo_mark.vcxproj -> D:\Progetti\BumpArcade\Yolo_mark\x64\Release\yolo_mark.exe
